<?xml version="1.0" encoding="UTF-8"?>
<testng-results skipped="0" failed="0" ignored="0" total="1" passed="1">
  <reporter-output>
  </reporter-output>
  <suite name="Default suite" duration-ms="9554" started-at="2019-07-17T15:57:54Z" finished-at="2019-07-17T15:58:03Z">
    <groups>
    </groups>
    <test name="Default test" duration-ms="9554" started-at="2019-07-17T15:57:54Z" finished-at="2019-07-17T15:58:03Z">
      <class name="unittest.Windowshandle">
        <test-method status="PASS" signature="check()[pri:0, instance:unittest.Windowshandle@47c62251]" name="check" duration-ms="9528" started-at="2019-07-17T15:57:54Z" finished-at="2019-07-17T15:58:03Z">
          <reporter-output>
          </reporter-output>
        </test-method> <!-- check -->
      </class> <!-- unittest.Windowshandle -->
    </test> <!-- Default test -->
  </suite> <!-- Default suite -->
</testng-results>
